[debug] [2018-10-04T05:50:40.612Z] ----------------------------------------------------------------------
[debug] [2018-10-04T05:50:40.618Z] Command:       C:\Program Files\nodejs\node.exe C:\Users\Akshay Dhiman\AppData\Roaming\npm\node_modules\firebase-tools\bin\firebase serve
[debug] [2018-10-04T05:50:40.618Z] CLI Version:   4.2.1
[debug] [2018-10-04T05:50:40.619Z] Platform:      win32
[debug] [2018-10-04T05:50:40.619Z] Node Version:  v8.12.0
[debug] [2018-10-04T05:50:40.620Z] Time:          Thu Oct 04 2018 11:20:40 GMT+0530 (India Standard Time)
[debug] [2018-10-04T05:50:40.620Z] ----------------------------------------------------------------------
[debug] 
[debug] [2018-10-04T05:50:40.652Z] > command requires scopes: ["email","openid","https://www.googleapis.com/auth/cloudplatformprojects.readonly","https://www.googleapis.com/auth/firebase","https://www.googleapis.com/auth/cloud-platform"]
[debug] [2018-10-04T05:50:40.654Z] > authorizing via signed-in user
[debug] [2018-10-04T05:50:40.661Z] >>> HTTP REQUEST GET https://admin.firebase.com/v1/projects/fitato-fit  
 
[debug] [2018-10-04T05:50:42.428Z] <<< HTTP RESPONSE 200
[debug] [2018-10-04T05:50:42.433Z] >>> HTTP REQUEST GET https://cloudresourcemanager.googleapis.com/v1/projects/fitato-fit  
 
[debug] [2018-10-04T05:50:44.618Z] <<< HTTP RESPONSE 200
[info] 
[info] === Serving from 'C:\Users\Akshay Dhiman\Projects\ghaas\fitato'...
[info] 
[info] i  functions: Preparing to emulate functions.
[debug] [2018-10-04T05:50:56.267Z] Fetching environment
[debug] [2018-10-04T05:50:56.282Z] >>> HTTP REQUEST GET https://mobilesdk-pa.googleapis.com/v1/projects/562705850961:getServerAppConfig  
 
[debug] [2018-10-04T05:50:56.284Z] >>> HTTP REQUEST GET https://mobilesdk-pa.googleapis.com/v1/projects/562705850961/clients/_:getWebAppConfig  
 
[debug] [2018-10-04T05:50:57.164Z] <<< HTTP RESPONSE 200
[debug] [2018-10-04T05:50:57.165Z] Starting @google-cloud/functions-emulator
[debug] [2018-10-04T05:50:57.257Z] <<< HTTP RESPONSE 200
[info] i  hosting[fitato-fit]: Serving hosting files from: public
[info] +  hosting[fitato-fit]: Local server: http://localhost:5000
[debug] [2018-10-04T05:51:11.004Z] Parsing function triggers
[info] +  functions: helloWorld: http://localhost:5001/fitato-fit/us-central1/helloWorld
